Using pre-set license
Built from '2022.3/staging' branch; Version is '2022.3.10f1 (ff3792e53c62) revision 16725906'; Using compiler version '192829333'; Build Type 'Release'
OS: 'Windows 10  (10.0.19045) 64bit Professional' Language: 'en' Physical Memory: 7645 MB
BatchMode: 1, IsHumanControllingUs: 0, StartBugReporterOnCrash: 0, Is64bit: 1, IsPro: 1

COMMAND LINE ARGUMENTS:
C:\Program Files\Unity 2022.3.10f1\Editor\Unity.exe
-adb2
-batchMode
-noUpm
-name
AssetImportWorker0
-projectPath
C:/Users/owner/FinalCourseProject
-logFile
Logs/AssetImportWorker0.log
-srvPort
58814
Successfully changed project path to: C:/Users/owner/FinalCourseProject
C:/Users/owner/FinalCourseProject
[UnityMemory] Configuration Parameters - Can be set up in boot.config
    "memorysetup-bucket-allocator-granularity=16"
    "memorysetup-bucket-allocator-bucket-count=8"
    "memorysetup-bucket-allocator-block-size=33554432"
    "memorysetup-bucket-allocator-block-count=8"
    "memorysetup-main-allocator-block-size=16777216"
    "memorysetup-thread-allocator-block-size=16777216"
    "memorysetup-gfx-main-allocator-block-size=16777216"
    "memorysetup-gfx-thread-allocator-block-size=16777216"
    "memorysetup-cache-allocator-block-size=4194304"
    "memorysetup-typetree-allocator-block-size=2097152"
    "memorysetup-profiler-bucket-allocator-granularity=16"
    "memorysetup-profiler-bucket-allocator-bucket-count=8"
    "memorysetup-profiler-bucket-allocator-block-size=33554432"
    "memorysetup-profiler-bucket-allocator-block-count=8"
    "memorysetup-profiler-allocator-block-size=16777216"
    "memorysetup-profiler-editor-allocator-block-size=1048576"
    "memorysetup-temp-allocator-size-main=16777216"
    "memorysetup-job-temp-allocator-block-size=2097152"
    "memorysetup-job-temp-allocator-block-size-background=1048576"
    "memorysetup-job-temp-allocator-reduction-small-platforms=262144"
    "memorysetup-allocator-temp-initial-block-size-main=262144"
    "memorysetup-allocator-temp-initial-block-size-worker=262144"
    "memorysetup-temp-allocator-size-background-worker=32768"
    "memorysetup-temp-allocator-size-job-worker=262144"
    "memorysetup-temp-allocator-size-preload-manager=33554432"
    "memorysetup-temp-allocator-size-nav-mesh-worker=65536"
    "memorysetup-temp-allocator-size-audio-worker=65536"
    "memorysetup-temp-allocator-size-cloud-worker=32768"
    "memorysetup-temp-allocator-size-gi-baking-worker=262144"
    "memorysetup-temp-allocator-size-gfx=262144"
Player connection [17892] Host "[IP] 169.254.216.128 [Port] 0 [Flags] 2 [Guid] 1183446967 [EditorId] 1183446967 [Version] 1048832 [Id] WindowsEditor(7,DESKTOP-TSP3C9P) [Debug] 1 [PackageName] WindowsEditor [ProjectName] Editor" joined multi-casting on [225.0.0.222:54997]...

Player connection [17892] Host "[IP] 169.254.216.128 [Port] 0 [Flags] 2 [Guid] 1183446967 [EditorId] 1183446967 [Version] 1048832 [Id] WindowsEditor(7,DESKTOP-TSP3C9P) [Debug] 1 [PackageName] WindowsEditor [ProjectName] Editor" joined alternative multi-casting on [225.0.0.222:34997]...

[Physics::Module] Initialized MultithreadedJobDispatcher with 1 workers.
Refreshing native plugins compatible for Editor in 38.45 ms, found 3 plugins.
Preloading 0 native plugins for Editor in 0.00 ms.
Initialize engine version: 2022.3.10f1 (ff3792e53c62)
[Subsystems] Discovering subsystems at path C:/Program Files/Unity 2022.3.10f1/Editor/Data/Resources/UnitySubsystems
[Subsystems] Discovering subsystems at path C:/Users/owner/FinalCourseProject/Assets
GfxDevice: creating device client; threaded=0; jobified=0
Direct3D:
    Version:  Direct3D 11.0 [level 11.1]
    Renderer: AMD Radeon(TM) R5 Graphics (ID=0x98e4)
    Vendor:   ATI
    VRAM:     3822 MB
    Driver:   27.20.15002.8001
Initialize mono
Mono path[0] = 'C:/Program Files/Unity 2022.3.10f1/Editor/Data/Managed'
Mono path[1] = 'C:/Program Files/Unity 2022.3.10f1/Editor/Data/MonoBleedingEdge/lib/mono/unityjit-win32'
Mono config path = 'C:/Program Files/Unity 2022.3.10f1/Editor/Data/MonoBleedingEdge/etc'
Using monoOptions --debugger-agent=transport=dt_socket,embedding=1,server=y,suspend=n,address=127.0.0.1:56460
Begin MonoManager ReloadAssembly
Registering precompiled unity dll's ...
Register platform support module: C:/Program Files/Unity 2022.3.10f1/Editor/Data/PlaybackEngines/WebGLSupport/UnityEditor.WebGL.Extensions.dll
Register platform support module: C:/Program Files/Unity 2022.3.10f1/Editor/Data/PlaybackEngines/AndroidPlayer/UnityEditor.Android.Extensions.dll
Register platform support module: C:/Program Files/Unity 2022.3.10f1/Editor/Data/PlaybackEngines/WindowsStandaloneSupport/UnityEditor.WindowsStandalone.Extensions.dll
Registered in 0.444324 seconds.
- Loaded All Assemblies, in  9.106 seconds
Native extension for WindowsStandalone target not found
Native extension for Android target not found
Android Extension - Scanning For ADB Devices 5146 ms
Native extension for WebGL target not found
Mono: successfully reloaded assembly
- Finished resetting the current domain, in  8.764 seconds
Domain Reload Profiling: 17789ms
	BeginReloadAssembly (870ms)
		ExecutionOrderSort (0ms)
		DisableScriptedObjects (0ms)
		BackupInstance (0ms)
		ReleaseScriptingObjects (1ms)
		CreateAndSetChildDomain (2ms)
	RebuildCommonClasses (1199ms)
	RebuildNativeTypeToScriptingClass (45ms)
	initialDomainReloadingComplete (2273ms)
	LoadAllAssembliesAndSetupDomain (4636ms)
		LoadAssemblies (1020ms)
		RebuildTransferFunctionScriptingTraits (0ms)
		AnalyzeDomain (4400ms)
			TypeCache.Refresh (4368ms)
				TypeCache.ScanAssembly (4183ms)
			ScanForSourceGeneratedMonoScriptInfo (15ms)
			ResolveRequiredComponents (5ms)
	FinalizeReload (8767ms)
		ReleaseScriptCaches (0ms)
		RebuildScriptCaches (0ms)
		SetupLoadedEditorAssemblies (7803ms)
			LogAssemblyErrors (0ms)
			InitializePlatformSupportModulesInManaged (6735ms)
			SetLoadedEditorAssemblies (34ms)
			RefreshPlugins (0ms)
			BeforeProcessingInitializeOnLoad (14ms)
			ProcessInitializeOnLoadAttributes (728ms)
			ProcessInitializeOnLoadMethodAttributes (292ms)
			AfterProcessingInitializeOnLoad (0ms)
			EditorAssembliesLoaded (0ms)
		ExecutionOrderSort2 (0ms)
		AwakeInstancesAfterBackupRestoration (0ms)
========================================================================
Worker process is ready to serve import requests
Begin MonoManager ReloadAssembly
- Loaded All Assemblies, in  8.456 seconds
Refreshing native plugins compatible for Editor in 31.09 ms, found 3 plugins.
Native extension for WindowsStandalone target not found
Native extension for Android target not found
Native extension for WebGL target not found
Package Manager log level set to [2]
[Package Manager] Server::EnsureServerProcessIsRunning -- launch failed, reason: Unity was launched with the -noUpm command-line argument
[Package Manager] UpmClient::Send -- Unable to send message (not connected to UPM process).
[Package Manager] Cannot connect to Unity Package Manager local server
Mono: successfully reloaded assembly
- Finished resetting the current domain, in  7.747 seconds
Domain Reload Profiling: 16190ms
	BeginReloadAssembly (2029ms)
		ExecutionOrderSort (0ms)
		DisableScriptedObjects (16ms)
		BackupInstance (0ms)
		ReleaseScriptingObjects (0ms)
		CreateAndSetChildDomain (157ms)
	RebuildCommonClasses (329ms)
	RebuildNativeTypeToScriptingClass (168ms)
	initialDomainReloadingComplete (457ms)
	LoadAllAssembliesAndSetupDomain (5458ms)
		LoadAssemblies (5461ms)
		RebuildTransferFunctionScriptingTraits (0ms)
		AnalyzeDomain (1736ms)
			TypeCache.Refresh (1501ms)
				TypeCache.ScanAssembly (1448ms)
			ScanForSourceGeneratedMonoScriptInfo (217ms)
			ResolveRequiredComponents (15ms)
	FinalizeReload (7749ms)
		ReleaseScriptCaches (0ms)
		RebuildScriptCaches (0ms)
		SetupLoadedEditorAssemblies (6796ms)
			LogAssemblyErrors (0ms)
			InitializePlatformSupportModulesInManaged (406ms)
			SetLoadedEditorAssemblies (125ms)
			RefreshPlugins (0ms)
			BeforeProcessingInitializeOnLoad (1357ms)
			ProcessInitializeOnLoadAttributes (4777ms)
			ProcessInitializeOnLoadMethodAttributes (83ms)
			AfterProcessingInitializeOnLoad (47ms)
			EditorAssembliesLoaded (1ms)
		ExecutionOrderSort2 (0ms)
		AwakeInstancesAfterBackupRestoration (29ms)
Launched and connected shader compiler UnityShaderCompiler.exe after 0.69 seconds
Refreshing native plugins compatible for Editor in 18.98 ms, found 3 plugins.
Preloading 0 native plugins for Editor in 0.00 ms.
Unloading 3084 Unused Serialized files (Serialized files now loaded: 0)
Unloading 31 unused Assets / (57.2 KB). Loaded Objects now: 3583.
Memory consumption went from 131.3 MB to 131.3 MB.
Total: 21.519200 ms (FindLiveObjects: 0.504900 ms CreateObjectMapping: 3.926700 ms MarkObjects: 16.734300 ms  DeleteObjects: 0.350400 ms)

AssetImportParameters requested are different than current active one (requested -> active):
  custom:container-demuxer-ogg: 62fdf1f143b41e24485cea50d1cbac27 -> 
  custom:video-decoder-ogg-theora: a1e56fd34408186e4bbccfd4996cb3dc -> 
  custom:framework-win-MediaFoundation: 216162199b28c13a410421893ffa2e32 -> 
  custom:CustomObjectIndexerAttribute: 756ad292c208cfabdd7b50bc23989ffe -> 
  custom:container-demuxer-webm: 4f35f7cbe854078d1ac9338744f61a02 -> 
  custom:container-muxer-webm: aa71ff27fc2769a1b78a27578f13a17b -> 
  custom:video-decoder-webm-vp8: 9c59270c3fd7afecdb556c50c9e8de78 -> 
  custom:SearchIndexIgnoredProperties: e643bd26f0fe6173181afceb89e7c659 -> 
  custom:AudioImporter_EditorPlatform: d09bf68614088b80899f8185d706f6e7 -> 
  custom:video-encoder-webm-vp8: eb34c28f22e8b96e1ab97ce403110664 -> 
  custom:audio-decoder-ogg-vorbis: bf7c407c2cedff20999df2af8eb42d56 -> 
  custom:audio-encoder-webm-vorbis: bf7c407c2cedff20999df2af8eb42d56 -> 
========================================================================
Received Prepare
Begin MonoManager ReloadAssembly
- Loaded All Assemblies, in  3.361 seconds
Refreshing native plugins compatible for Editor in 286.19 ms, found 3 plugins.
Native extension for WindowsStandalone target not found
Native extension for Android target not found
Native extension for WebGL target not found
[Package Manager] Server::EnsureServerProcessIsRunning -- launch failed, reason: Unity was launched with the -noUpm command-line argument
[Package Manager] UpmClient::Send -- Unable to send message (not connected to UPM process).
[Package Manager] Cannot connect to Unity Package Manager local server
Mono: successfully reloaded assembly
- Finished resetting the current domain, in 96.625 seconds
Domain Reload Profiling: 99956ms
	BeginReloadAssembly (1081ms)
		ExecutionOrderSort (0ms)
		DisableScriptedObjects (18ms)
		BackupInstance (0ms)
		ReleaseScriptingObjects (5ms)
		CreateAndSetChildDomain (143ms)
	RebuildCommonClasses (159ms)
	RebuildNativeTypeToScriptingClass (53ms)
	initialDomainReloadingComplete (273ms)
	LoadAllAssembliesAndSetupDomain (1763ms)
		LoadAssemblies (2489ms)
		RebuildTransferFunctionScriptingTraits (0ms)
		AnalyzeDomain (50ms)
			TypeCache.Refresh (20ms)
				TypeCache.ScanAssembly (0ms)
			ScanForSourceGeneratedMonoScriptInfo (0ms)
			ResolveRequiredComponents (22ms)
	FinalizeReload (96627ms)
		ReleaseScriptCaches (0ms)
		RebuildScriptCaches (0ms)
		SetupLoadedEditorAssemblies (1975ms)
			LogAssemblyErrors (0ms)
			InitializePlatformSupportModulesInManaged (188ms)
			SetLoadedEditorAssemblies (9ms)
			RefreshPlugins (0ms)
			BeforeProcessingInitializeOnLoad (221ms)
			ProcessInitializeOnLoadAttributes (1444ms)
			ProcessInitializeOnLoadMethodAttributes (79ms)
			AfterProcessingInitializeOnLoad (33ms)
			EditorAssembliesLoaded (1ms)
		ExecutionOrderSort2 (0ms)
		AwakeInstancesAfterBackupRestoration (24ms)
Refreshing native plugins compatible for Editor in 37.49 ms, found 3 plugins.
Preloading 0 native plugins for Editor in 0.00 ms.
Unloading 3076 Unused Serialized files (Serialized files now loaded: 0)
Unloading 22 unused Assets / (30.5 KB). Loaded Objects now: 3586.
Memory consumption went from 129.6 MB to 129.6 MB.
Total: 67.381000 ms (FindLiveObjects: 0.547300 ms CreateObjectMapping: 27.792700 ms MarkObjects: 38.902300 ms  DeleteObjects: 0.135300 ms)

Prepare: number of updated asset objects reloaded= 0
AssetImportParameters requested are different than current active one (requested -> active):
  custom:container-demuxer-ogg: 62fdf1f143b41e24485cea50d1cbac27 -> 
  custom:video-decoder-ogg-theora: a1e56fd34408186e4bbccfd4996cb3dc -> 
  custom:framework-win-MediaFoundation: 216162199b28c13a410421893ffa2e32 -> 
  custom:CustomObjectIndexerAttribute: 756ad292c208cfabdd7b50bc23989ffe -> 
  custom:container-demuxer-webm: 4f35f7cbe854078d1ac9338744f61a02 -> 
  custom:container-muxer-webm: aa71ff27fc2769a1b78a27578f13a17b -> 
  custom:video-decoder-webm-vp8: 9c59270c3fd7afecdb556c50c9e8de78 -> 
  custom:SearchIndexIgnoredProperties: e643bd26f0fe6173181afceb89e7c659 -> 
  custom:AudioImporter_EditorPlatform: d09bf68614088b80899f8185d706f6e7 -> 
  custom:video-encoder-webm-vp8: eb34c28f22e8b96e1ab97ce403110664 -> 
  custom:audio-decoder-ogg-vorbis: bf7c407c2cedff20999df2af8eb42d56 -> 
  custom:audio-encoder-webm-vorbis: bf7c407c2cedff20999df2af8eb42d56 -> 
========================================================================
Received Prepare
Begin MonoManager ReloadAssembly
- Loaded All Assemblies, in 16.656 seconds
Refreshing native plugins compatible for Editor in 14.16 ms, found 3 plugins.
Native extension for WindowsStandalone target not found
Native extension for Android target not found
Native extension for WebGL target not found
[Package Manager] Server::EnsureServerProcessIsRunning -- launch failed, reason: Unity was launched with the -noUpm command-line argument
[Package Manager] UpmClient::Send -- Unable to send message (not connected to UPM process).
[Package Manager] Cannot connect to Unity Package Manager local server
Mono: successfully reloaded assembly
- Finished resetting the current domain, in 84.954 seconds
Domain Reload Profiling: 101539ms
	BeginReloadAssembly (5735ms)
		ExecutionOrderSort (0ms)
		DisableScriptedObjects (18ms)
		BackupInstance (0ms)
		ReleaseScriptingObjects (0ms)
		CreateAndSetChildDomain (147ms)
	RebuildCommonClasses (785ms)
	RebuildNativeTypeToScriptingClass (195ms)
	initialDomainReloadingComplete (670ms)
	LoadAllAssembliesAndSetupDomain (9191ms)
		LoadAssemblies (14603ms)
		RebuildTransferFunctionScriptingTraits (0ms)
		AnalyzeDomain (32ms)
			TypeCache.Refresh (14ms)
				TypeCache.ScanAssembly (0ms)
			ScanForSourceGeneratedMonoScriptInfo (0ms)
			ResolveRequiredComponents (15ms)
	FinalizeReload (84964ms)
		ReleaseScriptCaches (0ms)
		RebuildScriptCaches (0ms)
		SetupLoadedEditorAssemblies (18793ms)
			LogAssemblyErrors (0ms)
			InitializePlatformSupportModulesInManaged (114ms)
			SetLoadedEditorAssemblies (15ms)
			RefreshPlugins (0ms)
			BeforeProcessingInitializeOnLoad (4598ms)
			ProcessInitializeOnLoadAttributes (12397ms)
			ProcessInitializeOnLoadMethodAttributes (1062ms)
			AfterProcessingInitializeOnLoad (607ms)
			EditorAssembliesLoaded (1ms)
		ExecutionOrderSort2 (13ms)
		AwakeInstancesAfterBackupRestoration (145ms)
Refreshing native plugins compatible for Editor in 109.22 ms, found 3 plugins.
Preloading 0 native plugins for Editor in 0.00 ms.
Unloading 3076 Unused Serialized files (Serialized files now loaded: 0)
Unloading 22 unused Assets / (30.5 KB). Loaded Objects now: 3589.
Memory consumption went from 129.6 MB to 129.6 MB.
Total: 39.107400 ms (FindLiveObjects: 6.679800 ms CreateObjectMapping: 1.009900 ms MarkObjects: 26.384500 ms  DeleteObjects: 5.029600 ms)

Prepare: number of updated asset objects reloaded= 0
AssetImportParameters requested are different than current active one (requested -> active):
  custom:container-demuxer-ogg: 62fdf1f143b41e24485cea50d1cbac27 -> 
  custom:video-decoder-ogg-theora: a1e56fd34408186e4bbccfd4996cb3dc -> 
  custom:framework-win-MediaFoundation: 216162199b28c13a410421893ffa2e32 -> 
  custom:CustomObjectIndexerAttribute: 756ad292c208cfabdd7b50bc23989ffe -> 
  custom:container-demuxer-webm: 4f35f7cbe854078d1ac9338744f61a02 -> 
  custom:container-muxer-webm: aa71ff27fc2769a1b78a27578f13a17b -> 
  custom:video-decoder-webm-vp8: 9c59270c3fd7afecdb556c50c9e8de78 -> 
  custom:SearchIndexIgnoredProperties: e643bd26f0fe6173181afceb89e7c659 -> 
  custom:AudioImporter_EditorPlatform: d09bf68614088b80899f8185d706f6e7 -> 
  custom:video-encoder-webm-vp8: eb34c28f22e8b96e1ab97ce403110664 -> 
  custom:audio-decoder-ogg-vorbis: bf7c407c2cedff20999df2af8eb42d56 -> 
  custom:audio-encoder-webm-vorbis: bf7c407c2cedff20999df2af8eb42d56 -> 
========================================================================
Received Import Request.
  Time since last request: 244312.700833 seconds.
  path: Assets/VillagePack/BigHouse/Materials/No Name.mat
  artifactKey: Guid(456f24f29739caf43807dc5317e23188) Importer(815301076,1909f56bfc062723c751e8b465ee728b)
Start importing Assets/VillagePack/BigHouse/Materials/No Name.mat using Guid(456f24f29739caf43807dc5317e23188) Importer(815301076,1909f56bfc062723c751e8b465ee728b)  -> (artifact id: '83d4cd8a64fd4e054dabb7c5da2032a6') in 3.448758 seconds
Number of updated asset objects reloaded before import = 0
Number of asset objects unloaded after import = 4
========================================================================
Received Import Request.
  Time since last request: 0.000489 seconds.
  path: Assets/VillagePack/BigHouse/Materials/VhRoofBeam.mat
  artifactKey: Guid(dcf833537ae27f74dae7503eec6a68f2) Importer(815301076,1909f56bfc062723c751e8b465ee728b)
Start importing Assets/VillagePack/BigHouse/Materials/VhRoofBeam.mat using Guid(dcf833537ae27f74dae7503eec6a68f2) Importer(815301076,1909f56bfc062723c751e8b465ee728b)  -> (artifact id: '41fd05910b1d5d8c80e54a5245198360') in 0.659819 seconds
Number of updated asset objects reloaded before import = 0
Number of asset objects unloaded after import = 4
========================================================================
Received Import Request.
  Time since last request: 0.000574 seconds.
  path: Assets/VillagePack/BigHouse/Materials/VillageHouseWood3.mat
  artifactKey: Guid(94e46a3113c9d0647941ffe66d4157a1) Importer(815301076,1909f56bfc062723c751e8b465ee728b)
Start importing Assets/VillagePack/BigHouse/Materials/VillageHouseWood3.mat using Guid(94e46a3113c9d0647941ffe66d4157a1) Importer(815301076,1909f56bfc062723c751e8b465ee728b)  -> (artifact id: '07e20aa722f808d28cf18fe7efd23d08') in 0.586893 seconds
Number of updated asset objects reloaded before import = 0
Number of asset objects unloaded after import = 4
========================================================================
Received Import Request.
  Time since last request: 0.000050 seconds.
  path: Assets/VillagePack/OldHouse/VhRoofBeamBump.png
  artifactKey: Guid(1f2ebf25d09b1b24ca0340d76fc6c70d) Importer(815301076,1909f56bfc062723c751e8b465ee728b)
Start importing Assets/VillagePack/OldHouse/VhRoofBeamBump.png using Guid(1f2ebf25d09b1b24ca0340d76fc6c70d) Importer(815301076,1909f56bfc062723c751e8b465ee728b)  -> (artifact id: '8994b15e67bfd0d0cf96c1959ffa4356') in 0.546206 seconds
Number of updated asset objects reloaded before import = 0
Number of asset objects unloaded after import = 2
========================================================================
Received Import Request.
  Time since last request: 0.000067 seconds.
  path: Assets/VillagePack/OldHouse/VHWallsWood.png
  artifactKey: Guid(01538a64a4b1e9c47baacae8db4399ff) Importer(815301076,1909f56bfc062723c751e8b465ee728b)
Start importing Assets/VillagePack/OldHouse/VHWallsWood.png using Guid(01538a64a4b1e9c47baacae8db4399ff) Importer(815301076,1909f56bfc062723c751e8b465ee728b)  -> (artifact id: 'ed30c251fc5b0f6b81c90629117f45f0') in 0.248424 seconds
Number of updated asset objects reloaded before import = 0
Number of asset objects unloaded after import = 2
========================================================================
Received Import Request.
  Time since last request: 0.000109 seconds.
  path: Assets/VillagePack/OldHouse/VHFrameWoodReflection.png
  artifactKey: Guid(b871b2c92bb308b4899d40f7fdc11da0) Importer(815301076,1909f56bfc062723c751e8b465ee728b)
Start importing Assets/VillagePack/OldHouse/VHFrameWoodReflection.png using Guid(b871b2c92bb308b4899d40f7fdc11da0) Importer(815301076,1909f56bfc062723c751e8b465ee728b)  -> (artifact id: '0dd0b765c6c5126ca635082ad06574e6') in 0.867274 seconds
Number of updated asset objects reloaded before import = 0
Number of asset objects unloaded after import = 2
========================================================================
Received Import Request.
  Time since last request: 0.000078 seconds.
  path: Assets/VillagePack/OldHouse/VhRoofBeam.png
  artifactKey: Guid(96b5269f1b04f0d46b27d83b3c5c9e7d) Importer(815301076,1909f56bfc062723c751e8b465ee728b)
Start importing Assets/VillagePack/OldHouse/VhRoofBeam.png using Guid(96b5269f1b04f0d46b27d83b3c5c9e7d) Importer(815301076,1909f56bfc062723c751e8b465ee728b)  -> (artifact id: '28cad0b288bdafa191325cee05ca72cd') in 0.166726 seconds
Number of updated asset objects reloaded before import = 0
Number of asset objects unloaded after import = 2
========================================================================
Received Import Request.
  Time since last request: 0.000570 seconds.
  path: Assets/VillagePack/OldHouse/VHWallsWoodReflection.png
  artifactKey: Guid(628d677ce8e1e564fa24221710488702) Importer(815301076,1909f56bfc062723c751e8b465ee728b)
Start importing Assets/VillagePack/OldHouse/VHWallsWoodReflection.png using Guid(628d677ce8e1e564fa24221710488702) Importer(815301076,1909f56bfc062723c751e8b465ee728b)  -> (artifact id: '644f9f06d8645a3a2009042dca271b3c') in 0.231504 seconds
Number of updated asset objects reloaded before import = 0
Number of asset objects unloaded after import = 2
========================================================================
Received Import Request.
  Time since last request: 0.000789 seconds.
  path: Assets/VillagePack/OldHouse/VHRoofBump.png
  artifactKey: Guid(cf2650c5837f0e34dbd3c79ddd1e5202) Importer(815301076,1909f56bfc062723c751e8b465ee728b)
Start importing Assets/VillagePack/OldHouse/VHRoofBump.png using Guid(cf2650c5837f0e34dbd3c79ddd1e5202) Importer(815301076,1909f56bfc062723c751e8b465ee728b)  -> (artifact id: 'f79f0cd640fc881eba3a00c7992e9512') in 0.381257 seconds
Number of updated asset objects reloaded before import = 0
Number of asset objects unloaded after import = 2
========================================================================
Received Import Request.
  Time since last request: 0.000343 seconds.
  path: Assets/VillagePack/OldHouse
  artifactKey: Guid(0cbd62aadcb665a4785664fe62478646) Importer(815301076,1909f56bfc062723c751e8b465ee728b)
Start importing Assets/VillagePack/OldHouse using Guid(0cbd62aadcb665a4785664fe62478646) Importer(815301076,1909f56bfc062723c751e8b465ee728b)  -> (artifact id: '0da067a236cd95d66a032ebf09d5fb34') in 0.023889 seconds
Number of updated asset objects reloaded before import = 0
Number of asset objects unloaded after import = 0
========================================================================
Received Import Request.
  Time since last request: 0.000351 seconds.
  path: Assets/VillagePack/BigHouse/Materials/VHWallsWood.mat
  artifactKey: Guid(327363d0e7fe60f4ba7a35acec194ae3) Importer(815301076,1909f56bfc062723c751e8b465ee728b)
Start importing Assets/VillagePack/BigHouse/Materials/VHWallsWood.mat using Guid(327363d0e7fe60f4ba7a35acec194ae3) Importer(815301076,1909f56bfc062723c751e8b465ee728b)  -> (artifact id: '515917015f4e3c511945da1df5ebbf5c') in 0.238658 seconds
Number of updated asset objects reloaded before import = 0
Number of asset objects unloaded after import = 4
========================================================================
Received Import Request.
  Time since last request: 0.001447 seconds.
  path: Assets/VillagePack/BigHouse/Materials/VHFloor.mat
  artifactKey: Guid(7f335255e0b69e943a9a38f3a704e0ee) Importer(815301076,1909f56bfc062723c751e8b465ee728b)
Start importing Assets/VillagePack/BigHouse/Materials/VHFloor.mat using Guid(7f335255e0b69e943a9a38f3a704e0ee) Importer(815301076,1909f56bfc062723c751e8b465ee728b)  -> (artifact id: '9fa2cecf475476297e47f67e85430f2f') in 0.507023 seconds
Number of updated asset objects reloaded before import = 0
Number of asset objects unloaded after import = 4
========================================================================
Received Import Request.
  Time since last request: 0.000152 seconds.
  path: Assets/VillagePack/OldHouse/VHFrameWoodBump.png
  artifactKey: Guid(b32f987e367a5864e8b76d58821e2504) Importer(815301076,1909f56bfc062723c751e8b465ee728b)
Start importing Assets/VillagePack/OldHouse/VHFrameWoodBump.png using Guid(b32f987e367a5864e8b76d58821e2504) Importer(815301076,1909f56bfc062723c751e8b465ee728b)  -> (artifact id: '4e65885ea92f52fdb4fdce37677f4118') in 0.104768 seconds
Number of updated asset objects reloaded before import = 0
Number of asset objects unloaded after import = 2
========================================================================
Received Import Request.
  Time since last request: 0.000481 seconds.
  path: Assets/VillagePack/OldHouse/VHRoofReflection.png
  artifactKey: Guid(e5fe530986054d94fbb5d408360d7f99) Importer(815301076,1909f56bfc062723c751e8b465ee728b)
Start importing Assets/VillagePack/OldHouse/VHRoofReflection.png using Guid(e5fe530986054d94fbb5d408360d7f99) Importer(815301076,1909f56bfc062723c751e8b465ee728b)  -> (artifact id: '7286696017e74fd397fbe142dba6b788') in 0.136714 seconds
Number of updated asset objects reloaded before import = 0
Number of asset objects unloaded after import = 2
========================================================================
Received Import Request.
  Time since last request: 0.000525 seconds.
  path: Assets/VillagePack/OldHouse/VHWallsWoodBump.png
  artifactKey: Guid(27cdd57b05f42c4429740b17d6318ee1) Importer(815301076,1909f56bfc062723c751e8b465ee728b)
Start importing Assets/VillagePack/OldHouse/VHWallsWoodBump.png using Guid(27cdd57b05f42c4429740b17d6318ee1) Importer(815301076,1909f56bfc062723c751e8b465ee728b)  -> (artifact id: '1b3ef5c08335de98aeb95553f37c9713') in 0.588407 seconds
Number of updated asset objects reloaded before import = 0
Number of asset objects unloaded after import = 2
========================================================================
Received Import Request.
  Time since last request: 0.000179 seconds.
  path: Assets/VillagePack/BigHouse/Materials/VHDecorationWood.mat
  artifactKey: Guid(8d1a79de86829e243b9f3c89b48ebfd3) Importer(815301076,1909f56bfc062723c751e8b465ee728b)
Start importing Assets/VillagePack/BigHouse/Materials/VHDecorationWood.mat using Guid(8d1a79de86829e243b9f3c89b48ebfd3) Importer(815301076,1909f56bfc062723c751e8b465ee728b)  -> (artifact id: '96a6ec7a535d05e23774817ef4557a3f') in 0.305225 seconds
Number of updated asset objects reloaded before import = 0
Number of asset objects unloaded after import = 4
========================================================================
Received Import Request.
  Time since last request: 0.000424 seconds.
  path: Assets/VillagePack/OldHouse/VhRoofBeamReflection.png
  artifactKey: Guid(ab62098b6e725c14b9c87024566b2039) Importer(815301076,1909f56bfc062723c751e8b465ee728b)
Start importing Assets/VillagePack/OldHouse/VhRoofBeamReflection.png using Guid(ab62098b6e725c14b9c87024566b2039) Importer(815301076,1909f56bfc062723c751e8b465ee728b)  -> (artifact id: '3d6e09f1282a059d99fa53fc68054a7d') in 0.151145 seconds
Number of updated asset objects reloaded before import = 0
Number of asset objects unloaded after import = 2
========================================================================
Received Import Request.
  Time since last request: 0.000038 seconds.
  path: Assets/VillagePack/BigHouse/Materials/VHFrameWood.mat
  artifactKey: Guid(5e46c1f423256044ba65716088265434) Importer(815301076,1909f56bfc062723c751e8b465ee728b)
Start importing Assets/VillagePack/BigHouse/Materials/VHFrameWood.mat using Guid(5e46c1f423256044ba65716088265434) Importer(815301076,1909f56bfc062723c751e8b465ee728b)  -> (artifact id: '75fc5b4ea46207dbde11adbe4d6ce88f') in 0.487191 seconds
Number of updated asset objects reloaded before import = 0
Number of asset objects unloaded after import = 4
========================================================================
Received Import Request.
  Time since last request: 0.000701 seconds.
  path: Assets/VillagePack/BigHouse/Materials/VHRoof.mat
  artifactKey: Guid(af83d48ed23cec849b12302e7d82d8e1) Importer(815301076,1909f56bfc062723c751e8b465ee728b)
Start importing Assets/VillagePack/BigHouse/Materials/VHRoof.mat using Guid(af83d48ed23cec849b12302e7d82d8e1) Importer(815301076,1909f56bfc062723c751e8b465ee728b)  -> (artifact id: 'f4b8692c57acfde1542a0f3f7cdf3dd0') in 0.099861 seconds
Number of updated asset objects reloaded before import = 0
Number of asset objects unloaded after import = 4
========================================================================
Received Import Request.
  Time since last request: 0.000476 seconds.
  path: Assets/VillagePack/OldHouse/VHRoof.png
  artifactKey: Guid(94a894a4fbe572e48a9b42651e781fb5) Importer(815301076,1909f56bfc062723c751e8b465ee728b)
Start importing Assets/VillagePack/OldHouse/VHRoof.png using Guid(94a894a4fbe572e48a9b42651e781fb5) Importer(815301076,1909f56bfc062723c751e8b465ee728b)  -> (artifact id: 'e0c470b034722c1350a1643930ce0675') in 0.177279 seconds
Number of updated asset objects reloaded before import = 0
Number of asset objects unloaded after import = 2
========================================================================
Received Import Request.
  Time since last request: 0.000071 seconds.
  path: Assets/VillagePack/OldHouse/VHFrameWood.png
  artifactKey: Guid(d5eb7e4e06f5ca34597ad309febb9151) Importer(815301076,1909f56bfc062723c751e8b465ee728b)
Start importing Assets/VillagePack/OldHouse/VHFrameWood.png using Guid(d5eb7e4e06f5ca34597ad309febb9151) Importer(815301076,1909f56bfc062723c751e8b465ee728b)  -> (artifact id: 'ae1c6f580498def451f2c091d7f57bbf') in 0.196184 seconds
Number of updated asset objects reloaded before import = 0
Number of asset objects unloaded after import = 2
========================================================================
Received Import Request.
  Time since last request: 15.013247 seconds.
  path: Assets/Scenes/Level1/Level1.2.unity
  artifactKey: Guid(82b930e1aa96daf478a6f7fa0a30cc56) Importer(815301076,1909f56bfc062723c751e8b465ee728b)
Start importing Assets/Scenes/Level1/Level1.2.unity using Guid(82b930e1aa96daf478a6f7fa0a30cc56) Importer(815301076,1909f56bfc062723c751e8b465ee728b)  -> (artifact id: 'a88152e4c98e1602dcc2cd24f2473ad1') in 0.039117 seconds
Number of updated asset objects reloaded before import = 0
Number of asset objects unloaded after import = 0
========================================================================
Received Import Request.
  Time since last request: 7.738982 seconds.
  path: Assets/Imported/Building Apartment/Mesh/Building_Apartment_13.fbx
  artifactKey: Guid(d6812f3f59620f84c91bbeb477f8f32b) Importer(815301076,1909f56bfc062723c751e8b465ee728b)
Start importing Assets/Imported/Building Apartment/Mesh/Building_Apartment_13.fbx using Guid(d6812f3f59620f84c91bbeb477f8f32b) Importer(815301076,1909f56bfc062723c751e8b465ee728b)  -> (artifact id: '6740214c04bbac674ab7b65fc6388fd0') in 0.869847 seconds
Number of updated asset objects reloaded before import = 0
Number of asset objects unloaded after import = 12
========================================================================
Received Import Request.
  Time since last request: 0.000058 seconds.
  path: Assets/Imported/Building Apartment/Prefab/Building_Apartment_13.prefab
  artifactKey: Guid(010ab566711b9084fad5f5ed2c31d831) Importer(815301076,1909f56bfc062723c751e8b465ee728b)
Start importing Assets/Imported/Building Apartment/Prefab/Building_Apartment_13.prefab using Guid(010ab566711b9084fad5f5ed2c31d831) Importer(815301076,1909f56bfc062723c751e8b465ee728b)  -> (artifact id: '037a6a8bd1cd23229eff49c2d260a214') in 0.112719 seconds
Number of updated asset objects reloaded before import = 0
Number of asset objects unloaded after import = 11
========================================================================
Received Import Request.
  Time since last request: 0.000072 seconds.
  path: Assets/Imported/AdventureForge/PreFab/Mushroom/CapConvex_StalkBolbous/CapConvex_StalkBolbous_01/CapConvex_StalkBolbous_LOD0_Type01.prefab
  artifactKey: Guid(c79a726f1bf80484a859f6bb4ce4959f) Importer(815301076,1909f56bfc062723c751e8b465ee728b)
Start importing Assets/Imported/AdventureForge/PreFab/Mushroom/CapConvex_StalkBolbous/CapConvex_StalkBolbous_01/CapConvex_StalkBolbous_LOD0_Type01.prefab using Guid(c79a726f1bf80484a859f6bb4ce4959f) Importer(815301076,1909f56bfc062723c751e8b465ee728b)  -> (artifact id: 'aa452fbf346dbaa82d354b915a56fb60') in 0.458630 seconds
Number of updated asset objects reloaded before import = 0
Number of asset objects unloaded after import = 11
========================================================================
Received Import Request.
  Time since last request: 0.000523 seconds.
  path: Assets/VillagePack/Well/Well.prefab
  artifactKey: Guid(22780bb3d42e70349b5857c462d56bcb) Importer(815301076,1909f56bfc062723c751e8b465ee728b)
Start importing Assets/VillagePack/Well/Well.prefab using Guid(22780bb3d42e70349b5857c462d56bcb) Importer(815301076,1909f56bfc062723c751e8b465ee728b)  -> (artifact id: 'fadd9aae58acb4e582bc6939f23262f0') in 2.618476 seconds
Number of updated asset objects reloaded before import = 0
Number of asset objects unloaded after import = 384
========================================================================
Received Import Request.
  Time since last request: 0.013717 seconds.
  path: Assets/VillagePack/Fence/FencePrefab.prefab
  artifactKey: Guid(2394d7d557201f048b00c84246231eb0) Importer(815301076,1909f56bfc062723c751e8b465ee728b)
Start importing Assets/VillagePack/Fence/FencePrefab.prefab using Guid(2394d7d557201f048b00c84246231eb0) Importer(815301076,1909f56bfc062723c751e8b465ee728b)  -> (artifact id: '0f09b04c7475e3033e1b9bb2d9926a1c') in 0.749423 seconds
Number of updated asset objects reloaded before import = 0
Number of asset objects unloaded after import = 33
========================================================================
Received Import Request.
  Time since last request: 44.832637 seconds.
  path: Assets/New Terrain 3.asset
  artifactKey: Guid(cbebc3394b7ff074390a2565e36bd4ab) Importer(815301076,1909f56bfc062723c751e8b465ee728b)
Start importing Assets/New Terrain 3.asset using Guid(cbebc3394b7ff074390a2565e36bd4ab) Importer(815301076,1909f56bfc062723c751e8b465ee728b)  -> (artifact id: 'ff6ba06cf862901182635f1f6406b9e6') in 0.025450 seconds
Number of updated asset objects reloaded before import = 0
Number of asset objects unloaded after import = 1
========================================================================
Received Import Request.
  Time since last request: 5.778265 seconds.
  path: Assets/Prefabs/BigHouse.fbx
  artifactKey: Guid(113d36f51d55c2c4a807a09ac76c1d69) Importer(815301076,1909f56bfc062723c751e8b465ee728b)
Start importing Assets/Prefabs/BigHouse.fbx using Guid(113d36f51d55c2c4a807a09ac76c1d69) Importer(815301076,1909f56bfc062723c751e8b465ee728b)  -> (artifact id: '9d998ebe4f6d568d82805818f9f7c9c6') in 5.400317 seconds
Number of updated asset objects reloaded before import = 0
Number of asset objects unloaded after import = 149
========================================================================
Received Import Request.
  Time since last request: 18.332895 seconds.
  path: Assets/Prefabs/BigHouse.fbx
  artifactKey: Guid(113d36f51d55c2c4a807a09ac76c1d69) Importer(815301076,1909f56bfc062723c751e8b465ee728b)
Start importing Assets/Prefabs/BigHouse.fbx using Guid(113d36f51d55c2c4a807a09ac76c1d69) Importer(815301076,1909f56bfc062723c751e8b465ee728b)  -> (artifact id: 'c2024572890a2cc3d9bea7c2c6dfe5e0') in 3.662205 seconds
Number of updated asset objects reloaded before import = 0
Number of asset objects unloaded after import = 157
